<?xml version="1.0" encoding="UTF-8"?>
<!-- Generated by org.testng.reporters.JUnitReportReporter -->
<testsuite hostname="DESKTOP-C34UQS0" failures="0" tests="8" name="Testcase.MP_FreeUpgradePath2" time="8.554" errors="0" timestamp="15 Oct 2018 20:32:06 GMT" skipped="0">
  <testcase classname="Testcase.MP_FreeUpgradePath2" name="getAllEvents" time="8.537"/>
  <testcase classname="Testcase.MP_FreeUpgradePath2" name="e_ClickOnUpgrade" time="0.005"/>
  <testcase classname="Testcase.MP_FreeUpgradePath2" name="e_LoadMyDesignsPage" time="0.001"/>
  <testcase classname="Testcase.MP_FreeUpgradePath2" name="e_SaveAsTemplateFromMyDesigns" time="0.004"/>
  <testcase classname="Testcase.MP_FreeUpgradePath2" name="e_ClickOnBusinessUpgrade" time="0.001"/>
  <testcase classname="Testcase.MP_FreeUpgradePath2" name="e_SaveAsCopyFromMyDesigns" time="0.001"/>
  <testcase classname="Testcase.MP_FreeUpgradePath2" name="e_UpgradeFromOverLimitModalMyDesigns" time="0.001"/>
  <testcase classname="Testcase.MP_FreeUpgradePath2" name="intercom" time="0.004"/>
</testsuite> <!-- Testcase.MP_FreeUpgradePath2 -->
