<?xml version="1.0" encoding="UTF-8"?>
<!-- Generated by org.testng.reporters.JUnitReportReporter -->
<testsuite hostname="DESKTOP-C34UQS0" failures="0" tests="9" name="Testcase.MP_QBuzSignUp2PNGHDDownload" time="96.659" errors="0" timestamp="21 Sep 2018 19:46:19 GMT" skipped="0">
  <testcase classname="Testcase.MP_QBuzSignUp2PNGHDDownload" name="verifyEventsGenerated" time="96.238"/>
  <testcase classname="Testcase.MP_QBuzSignUp2PNGHDDownload" name="e_ClickOnbSurveyAnwser" time="0.003"/>
  <testcase classname="Testcase.MP_QBuzSignUp2PNGHDDownload" name="e_ClickOnbStyleAnwser" time="0.003"/>
  <testcase classname="Testcase.MP_QBuzSignUp2PNGHDDownload" name="e_FinishOnbSurvey" time="0.003"/>
  <testcase classname="Testcase.MP_QBuzSignUp2PNGHDDownload" name="e_ClickOnCreateFromTemplates" time="0.002"/>
  <testcase classname="Testcase.MP_QBuzSignUp2PNGHDDownload" name="e_FinishEditorTourGuide" time="0.002"/>
  <testcase classname="Testcase.MP_QBuzSignUp2PNGHDDownload" name="e_Download" time="0.001"/>
  <testcase classname="Testcase.MP_QBuzSignUp2PNGHDDownload" name="e_ClickCancelSubscription" time="0.000"/>
  <testcase classname="Testcase.MP_QBuzSignUp2PNGHDDownload" name="intercom" time="0.407"/>
</testsuite> <!-- Testcase.MP_QBuzSignUp2PNGHDDownload -->
