<?xml version="1.0" encoding="UTF-8"?>
<!-- Generated by org.testng.reporters.JUnitReportReporter -->
<testsuite hostname="DESKTOP-C34UQS0" failures="0" tests="3" name="Testcase.MP_AddWidgets" time="3.281" errors="0" timestamp="31 Aug 2018 19:29:01 GMT" skipped="0">
  <testcase classname="Testcase.MP_AddWidgets" name="verifyEventsGenerated" time="3.278"/>
  <testcase classname="Testcase.MP_AddWidgets" name="e_IconSearch" time="0.001"/>
  <testcase classname="Testcase.MP_AddWidgets" name="e_CreateWidget" time="0.002"/>
</testsuite> <!-- Testcase.MP_AddWidgets -->
