<?xml version="1.0" encoding="UTF-8"?>
<!-- Generated by org.testng.reporters.JUnitReportReporter -->
<testsuite hostname="DESKTOP-C34UQS0" failures="0" tests="4" name="Testcase.ExportAllWidgets" time="174.442" errors="0" timestamp="01 Nov 2018 15:00:08 GMT" skipped="1">
  <testcase classname="Testcase.ExportAllWidgets" name="exportMultiPageDesign_AllWidgets" time="31.530"/>
  <testcase classname="Testcase.ExportAllWidgets" name="exportAllFonts" time="119.223"/>
  <testcase classname="Testcase.ExportAllWidgets" name="exportMultiPageDesign_Long_Pages" time="23.689"/>
  <testcase classname="Testcase.ExportAllWidgets" name="exportSinglePageDesign">
    <skipped/>
  </testcase> <!-- exportSinglePageDesign -->
</testsuite> <!-- Testcase.ExportAllWidgets -->
