<?xml version="1.0" encoding="UTF-8"?>
<!-- Generated by org.testng.reporters.JUnitReportReporter -->
<testsuite hostname="DESKTOP-C34UQS0" failures="0" tests="11" name="Testcase.MP_BuzSignUp2Publish" time="3.005" errors="0" timestamp="28 Sep 2018 15:38:54 GMT" skipped="0">
  <testcase classname="Testcase.MP_BuzSignUp2Publish" name="e_EventNames" time="2.479"/>
  <testcase classname="Testcase.MP_BuzSignUp2Publish" name="e_BrandOnbModal" time="0.001"/>
  <testcase classname="Testcase.MP_BuzSignUp2Publish" name="e_FinishOnbSurvey" time="0.001"/>
  <testcase classname="Testcase.MP_BuzSignUp2Publish" name="e_TemplatesSearch" time="0.000"/>
  <testcase classname="Testcase.MP_BuzSignUp2Publish" name="e_ClickOnCreateFromTemplate" time="0.002"/>
  <testcase classname="Testcase.MP_BuzSignUp2Publish" name="e_FinishEditorTourGuide" time="0.002"/>
  <testcase classname="Testcase.MP_BuzSignUp2Publish" name="e_ClickOnPublish" time="0.002"/>
  <testcase classname="Testcase.MP_BuzSignUp2Publish" name="e_ClickOnbSurveyAnwser" time="0.002"/>
  <testcase classname="Testcase.MP_BuzSignUp2Publish" name="e_ClickOnbStyleAnwser" time="0.001"/>
  <testcase classname="Testcase.MP_BuzSignUp2Publish" name="e_ClickCancelSubscription" time="0.001"/>
  <testcase classname="Testcase.MP_BuzSignUp2Publish" name="intercomEvents" time="0.514"/>
</testsuite> <!-- Testcase.MP_BuzSignUp2Publish -->
