<?xml version="1.0" encoding="UTF-8"?>
<!-- Generated by org.testng.reporters.JUnitReportReporter -->
<testsuite hostname="DESKTOP-C34UQS0" failures="0" tests="2" name="Testcase.MP_YearlyEduSignUp2ShareToTeam" time="74.682" errors="0" timestamp="24 Aug 2018 19:45:18 GMT" skipped="0">
  <testcase classname="Testcase.MP_YearlyEduSignUp2ShareToTeam" name="verifyEventsGenerated_Owner" time="74.055"/>
  <testcase classname="Testcase.MP_YearlyEduSignUp2ShareToTeam" name="verifyEventsGenerated_Member" time="0.627"/>
</testsuite> <!-- Testcase.MP_YearlyEduSignUp2ShareToTeam -->
