<?xml version="1.0" encoding="UTF-8"?>
<!-- Generated by org.testng.reporters.JUnitReportReporter -->
<testsuite hostname="DESKTOP-C34UQS0" failures="0" tests="12" name="Testcase.MP_PreSignUp2CreateBlank" time="0.005" errors="0" timestamp="10 Aug 2018 21:57:10 GMT" skipped="11">
  <testcase classname="Testcase.MP_PreSignUp2CreateBlank" name="e_EventNames" time="0.005"/>
  <testcase classname="Testcase.MP_PreSignUp2CreateBlank" name="e_ClickOnCreateFromTemplate">
    <skipped/>
  </testcase> <!-- e_ClickOnCreateFromTemplate -->
  <testcase classname="Testcase.MP_PreSignUp2CreateBlank" name="e_BrandOnbModal">
    <skipped/>
  </testcase> <!-- e_BrandOnbModal -->
  <testcase classname="Testcase.MP_PreSignUp2CreateBlank" name="e_Register">
    <skipped/>
  </testcase> <!-- e_Register -->
  <testcase classname="Testcase.MP_PreSignUp2CreateBlank" name="e_LoadMyTemplatesPage">
    <skipped/>
  </testcase> <!-- e_LoadMyTemplatesPage -->
  <testcase classname="Testcase.MP_PreSignUp2CreateBlank" name="e_UpgradePremiumModal">
    <skipped/>
  </testcase> <!-- e_UpgradePremiumModal -->
  <testcase classname="Testcase.MP_PreSignUp2CreateBlank" name="e_UpgradeBusiness">
    <skipped/>
  </testcase> <!-- e_UpgradeBusiness -->
  <testcase classname="Testcase.MP_PreSignUp2CreateBlank" name="e_FinishEditorTourGuide">
    <skipped/>
  </testcase> <!-- e_FinishEditorTourGuide -->
  <testcase classname="Testcase.MP_PreSignUp2CreateBlank" name="e_VisitHomepage">
    <skipped/>
  </testcase> <!-- e_VisitHomepage -->
  <testcase classname="Testcase.MP_PreSignUp2CreateBlank" name="e_FinishOnbSurvey">
    <skipped/>
  </testcase> <!-- e_FinishOnbSurvey -->
  <testcase classname="Testcase.MP_PreSignUp2CreateBlank" name="e_LoadOnbSurvey">
    <skipped/>
  </testcase> <!-- e_LoadOnbSurvey -->
  <testcase classname="Testcase.MP_PreSignUp2CreateBlank" name="e_TemplatesTourGuide">
    <skipped/>
  </testcase> <!-- e_TemplatesTourGuide -->
</testsuite> <!-- Testcase.MP_PreSignUp2CreateBlank -->
