<?xml version="1.0" encoding="UTF-8"?>
<!-- Generated by org.testng.reporters.JUnitReportReporter -->
<testsuite hostname="DESKTOP-C34UQS0" failures="0" tests="16" name="Testcase.MP_Register2Publish" time="0.027" errors="1" timestamp="02 Aug 2018 17:55:53 GMT" skipped="1">
  <testcase classname="Testcase.MP_Register2Publish" name="e_VisitHomepage" time="0.008"/>
  <testcase classname="Testcase.MP_Register2Publish" name="e_Register" time="0.002"/>
  <testcase classname="Testcase.MP_Register2Publish" name="e_UpgradeBusinessModal" time="0.001"/>
  <testcase classname="Testcase.MP_Register2Publish" name="e_UpgradeBusiness" time="0.002"/>
  <testcase classname="Testcase.MP_Register2Publish" name="e_BrandOnbModal" time="0.001"/>
  <testcase classname="Testcase.MP_Register2Publish" name="e_LoadOnbSurvey" time="0.002"/>
  <testcase classname="Testcase.MP_Register2Publish" name="e_FinishOnbSurvey" time="0.001"/>
  <testcase classname="Testcase.MP_Register2Publish" name="e_LoadMyTemplatesPage" time="0.001"/>
  <testcase classname="Testcase.MP_Register2Publish" name="e_TemplatesTourGuide" time="0.001"/>
  <testcase classname="Testcase.MP_Register2Publish" name="e_FinishEditorTourGuide" time="0.002"/>
  <testcase classname="Testcase.MP_Register2Publish" name="e_ClickOnPublish" time="0.001"/>
  <testcase classname="Testcase.MP_Register2Publish" name="e_ClickOnbSurveyAnwserStep1" time="0.001"/>
  <testcase classname="Testcase.MP_Register2Publish" name="e_ClickOnbSurveyAnwserStep2" time="0.001"/>
  <testcase classname="Testcase.MP_Register2Publish" name="e_ClickOnbSurveyAnwserStep3" time="0.001"/>
  <testcase classname="Testcase.MP_Register2Publish" name="e_ClickOnbSurveyAnwserStep4" time="0.002">
    <error type="java.lang.NullPointerException">
      <![CDATA[java.lang.NullPointerException
at Function.F_Mixpanel_API.verifyEvent(F_Mixpanel_API.java:232)
at Testcase.MP_Register2Publish.e_ClickOnbSurveyAnwserStep4(MP_Register2Publish.java:257)
at java.base/jdk.internal.reflect.NativeMethodAccessorImpl.invoke0(Native Method)
at java.base/jdk.internal.reflect.NativeMethodAccessorImpl.invoke(Unknown Source)
at java.base/jdk.internal.reflect.DelegatingMethodAccessorImpl.invoke(Unknown Source)
at java.base/java.lang.reflect.Method.invoke(Unknown Source)
at org.testng.internal.MethodInvocationHelper.invokeMethod(MethodInvocationHelper.java:124)
at org.testng.internal.Invoker.invokeMethod(Invoker.java:580)
at org.testng.internal.Invoker.invokeTestMethod(Invoker.java:716)
at org.testng.internal.Invoker.invokeTestMethods(Invoker.java:988)
at org.testng.internal.TestMethodWorker.invokeTestMethods(TestMethodWorker.java:125)
at org.testng.internal.TestMethodWorker.run(TestMethodWorker.java:109)
at org.testng.TestRunner.privateRun(TestRunner.java:648)
at org.testng.TestRunner.run(TestRunner.java:505)
at org.testng.SuiteRunner.runTest(SuiteRunner.java:455)
at org.testng.SuiteRunner.runSequentially(SuiteRunner.java:450)
at org.testng.SuiteRunner.privateRun(SuiteRunner.java:415)
at org.testng.SuiteRunner.run(SuiteRunner.java:364)
at org.testng.SuiteRunnerWorker.runSuite(SuiteRunnerWorker.java:52)
at org.testng.SuiteRunnerWorker.run(SuiteRunnerWorker.java:84)
at org.testng.TestNG.runSuitesSequentially(TestNG.java:1208)
at org.testng.TestNG.runSuitesLocally(TestNG.java:1137)
at org.testng.TestNG.runSuites(TestNG.java:1049)
at org.testng.TestNG.run(TestNG.java:1017)
at org.testng.remote.AbstractRemoteTestNG.run(AbstractRemoteTestNG.java:114)
at org.testng.remote.RemoteTestNG.initAndRun(RemoteTestNG.java:251)
at org.testng.remote.RemoteTestNG.main(RemoteTestNG.java:77)
]]>
    </error>
  </testcase> <!-- e_ClickOnbSurveyAnwserStep4 -->
  <testcase classname="Testcase.MP_Register2Publish" name="e_ClickOnCreateFromTemplate">
    <skipped/>
  </testcase> <!-- e_ClickOnCreateFromTemplate -->
</testsuite> <!-- Testcase.MP_Register2Publish -->
