<?xml version="1.0" encoding="UTF-8"?>
<!-- Generated by org.testng.reporters.JUnitReportReporter -->
<testsuite hostname="DESKTOP-C34UQS0" failures="0" tests="1" name="Testcase.Stripe_PreMSignUp" time="41.574" errors="0" timestamp="05 Nov 2018 15:39:35 GMT" skipped="0">
  <testcase classname="Testcase.Stripe_PreMSignUp" name="stripeTest" time="41.574"/>
</testsuite> <!-- Testcase.Stripe_PreMSignUp -->
