<?xml version="1.0" encoding="UTF-8"?>
<!-- Generated by org.testng.reporters.JUnitReportReporter -->
<testsuite hostname="DESKTOP-C34UQS0" failures="0" tests="8" name="Testcase.MP_FreeUpgradePath1" time="165.968" errors="0" timestamp="15 Oct 2018 17:22:46 GMT" skipped="0">
  <testcase classname="Testcase.MP_FreeUpgradePath1" name="getAllEvents" time="165.956"/>
  <testcase classname="Testcase.MP_FreeUpgradePath1" name="e_ClickOnUpgrade" time="0.005"/>
  <testcase classname="Testcase.MP_FreeUpgradePath1" name="e_ClickOnBusinessUpgrade" time="0.002"/>
  <testcase classname="Testcase.MP_FreeUpgradePath1" name="e_BrandKitUpgrade" time="0.001"/>
  <testcase classname="Testcase.MP_FreeUpgradePath1" name="e_ClickOnUpgradeBusinessLink" time="0.001"/>
  <testcase classname="Testcase.MP_FreeUpgradePath1" name="e_ClickOnUpgradeFromBrandKit" time="0.001"/>
  <testcase classname="Testcase.MP_FreeUpgradePath1" name="intercom_ClickOnUpgrade" time="0.001"/>
  <testcase classname="Testcase.MP_FreeUpgradePath1" name="intercom_ClickOnBusinessUpgrade" time="0.001"/>
</testsuite> <!-- Testcase.MP_FreeUpgradePath1 -->
