<?xml version="1.0" encoding="UTF-8"?>
<!-- Generated by org.testng.reporters.JUnitReportReporter -->
<testsuite hostname="DESKTOP-C34UQS0" failures="0" tests="1" name="Testcase.exportPNG" time="26.650" errors="0" timestamp="10 Jan 2019 20:59:06 GMT" skipped="0">
  <testcase classname="Testcase.exportPNG" name="PNG" time="26.650"/>
</testsuite> <!-- Testcase.exportPNG -->
