<?xml version="1.0" encoding="UTF-8"?>
<!-- Generated by org.testng.reporters.JUnitReportReporter -->
<testsuite hostname="DESKTOP-C34UQS0" failures="0" tests="16" name="Testcase.MP_YEduSignUp2ShareToTeam" time="24.392" errors="0" timestamp="21 Sep 2018 21:12:59 GMT" skipped="0">
  <testcase classname="Testcase.MP_YEduSignUp2ShareToTeam" name="verifyEventsGenerated_Owner" time="23.163"/>
  <testcase classname="Testcase.MP_YEduSignUp2ShareToTeam" name="e_OnbSurveyAnwser_Owner" time="0.001"/>
  <testcase classname="Testcase.MP_YEduSignUp2ShareToTeam" name="e_FinishOnbSurvey_Owner" time="0.001"/>
  <testcase classname="Testcase.MP_YEduSignUp2ShareToTeam" name="e_ClickOnbStyleAnwser_Owner" time="0.001"/>
  <testcase classname="Testcase.MP_YEduSignUp2ShareToTeam" name="e_ClickOnCreateFromTemplate_Owner" time="0.001"/>
  <testcase classname="Testcase.MP_YEduSignUp2ShareToTeam" name="e_FinishEditorTourGuide" time="0.001"/>
  <testcase classname="Testcase.MP_YEduSignUp2ShareToTeam" name="e_Share_Owner" time="0.001"/>
  <testcase classname="Testcase.MP_YEduSignUp2ShareToTeam" name="verifyEventsGenerated_Member" time="0.446"/>
  <testcase classname="Testcase.MP_YEduSignUp2ShareToTeam" name="e_OnbSurveyAnwser_Mem" time="0.002"/>
  <testcase classname="Testcase.MP_YEduSignUp2ShareToTeam" name="e_FinishOnbSurvey_Mem" time="0.003"/>
  <testcase classname="Testcase.MP_YEduSignUp2ShareToTeam" name="e_ClickOnbStyleAnwser_Mem" time="0.002"/>
  <testcase classname="Testcase.MP_YEduSignUp2ShareToTeam" name="e_ClickOnCreateFromTemplate_Mem" time="0.002"/>
  <testcase classname="Testcase.MP_YEduSignUp2ShareToTeam" name="e_FinishEditorTourGuide_Mem" time="0.002"/>
  <testcase classname="Testcase.MP_YEduSignUp2ShareToTeam" name="e_Share_Mem" time="0.002"/>
  <testcase classname="Testcase.MP_YEduSignUp2ShareToTeam" name="intercom_Owner" time="0.436"/>
  <testcase classname="Testcase.MP_YEduSignUp2ShareToTeam" name="intercom_Mem" time="0.328"/>
</testsuite> <!-- Testcase.MP_YEduSignUp2ShareToTeam -->
