<?xml version="1.0" encoding="UTF-8"?>
<!-- Generated by org.testng.reporters.JUnitReportReporter -->
<testsuite hostname="DESKTOP-C34UQS0" failures="0" tests="17" name="Testcase.MP_MBuzSignUp2I_PDFDownload" time="120.388" errors="0" timestamp="15 Sep 2018 01:13:54 GMT" skipped="0">
  <testcase classname="Testcase.MP_MBuzSignUp2I_PDFDownload" name="verifyEventsGenerated_Owner" time="1.715"/>
  <testcase classname="Testcase.MP_MBuzSignUp2I_PDFDownload" name="e_BrandOnbModal" time="0.003"/>
  <testcase classname="Testcase.MP_MBuzSignUp2I_PDFDownload" name="e_OnbSurveyAnwser_Owner" time="0.001"/>
  <testcase classname="Testcase.MP_MBuzSignUp2I_PDFDownload" name="e_FinishOnbSurvey_Owner" time="0.001"/>
  <testcase classname="Testcase.MP_MBuzSignUp2I_PDFDownload" name="e_ClickOnbStyleAnwser_Owner" time="0.001"/>
  <testcase classname="Testcase.MP_MBuzSignUp2I_PDFDownload" name="e_ClickOnCreateFromTemplate_Owner" time="0.004"/>
  <testcase classname="Testcase.MP_MBuzSignUp2I_PDFDownload" name="e_FinishEditorTourGuide" time="0.001"/>
  <testcase classname="Testcase.MP_MBuzSignUp2I_PDFDownload" name="e_Download" time="0.001"/>
  <testcase classname="Testcase.MP_MBuzSignUp2I_PDFDownload" name="verifyEventsGenerated_Member" time="117.781"/>
  <testcase classname="Testcase.MP_MBuzSignUp2I_PDFDownload" name="e_OnbSurveyAnwser_Mem" time="0.002"/>
  <testcase classname="Testcase.MP_MBuzSignUp2I_PDFDownload" name="e_FinishOnbSurvey_Mem" time="0.002"/>
  <testcase classname="Testcase.MP_MBuzSignUp2I_PDFDownload" name="e_ClickOnbStyleAnwser_Mem" time="0.001"/>
  <testcase classname="Testcase.MP_MBuzSignUp2I_PDFDownload" name="e_ClickOnCreateFromTemplate_Mem" time="0.001"/>
  <testcase classname="Testcase.MP_MBuzSignUp2I_PDFDownload" name="e_FinishEditorTourGuide_Mem" time="0.002"/>
  <testcase classname="Testcase.MP_MBuzSignUp2I_PDFDownload" name="e_Share" time="0.001"/>
  <testcase classname="Testcase.MP_MBuzSignUp2I_PDFDownload" name="intercom_Owner" time="0.558"/>
  <testcase classname="Testcase.MP_MBuzSignUp2I_PDFDownload" name="intercom_Mem" time="0.313"/>
</testsuite> <!-- Testcase.MP_MBuzSignUp2I_PDFDownload -->
