<?xml version="1.0" encoding="UTF-8"?>
<!-- Generated by org.testng.reporters.JUnitReportReporter -->
<testsuite hostname="DESKTOP-C34UQS0" failures="0" tests="1" name="Testcase.MonthlyBuzSignUp2I_PDFDownload" time="1.947" errors="0" timestamp="24 Aug 2018 19:49:40 GMT" skipped="0">
  <testcase classname="Testcase.MonthlyBuzSignUp2I_PDFDownload" name="verifyEventsGenerated_Member" time="1.947"/>
</testsuite> <!-- Testcase.MonthlyBuzSignUp2I_PDFDownload -->
