<?xml version="1.0" encoding="UTF-8"?>
<!-- Generated by org.testng.reporters.JUnitReportReporter -->
<testsuite hostname="DESKTOP-C34UQS0" failures="0" tests="1" name="Testcase.GenerateAutoBrandOnbUsers" time="152.180" errors="0" timestamp="15 Feb 2019 00:20:16 GMT" skipped="0">
  <testcase classname="Testcase.GenerateAutoBrandOnbUsers" name="generateUsers" time="152.180"/>
</testsuite> <!-- Testcase.GenerateAutoBrandOnbUsers -->
