<?xml version="1.0" encoding="UTF-8"?>
<!-- Generated by org.testng.reporters.JUnitReportReporter -->
<testsuite hostname="DESKTOP-C34UQS0" failures="0" tests="10" name="Testcase.MP_StaticTemplateFree2Publish" time="109.558" errors="0" timestamp="17 Sep 2018 21:58:37 GMT" skipped="0">
  <testcase classname="Testcase.MP_StaticTemplateFree2Publish" name="verifyEventsGenerated" time="109.551"/>
  <testcase classname="Testcase.MP_StaticTemplateFree2Publish" name="e_LoadStaticTemplatesPage" time="0.001"/>
  <testcase classname="Testcase.MP_StaticTemplateFree2Publish" name="e_ClickNavigation" time="0.001"/>
  <testcase classname="Testcase.MP_StaticTemplateFree2Publish" name="e_ClickSignUpFromTemplates" time="0.000"/>
  <testcase classname="Testcase.MP_StaticTemplateFree2Publish" name="e_OnbSurveyAnwser" time="0.001"/>
  <testcase classname="Testcase.MP_StaticTemplateFree2Publish" name="e_FinishOnbSurvey" time="0.000"/>
  <testcase classname="Testcase.MP_StaticTemplateFree2Publish" name="e_ClickOnCreateFromTemplates" time="0.001"/>
  <testcase classname="Testcase.MP_StaticTemplateFree2Publish" name="e_FinishEditorTourGuide" time="0.001"/>
  <testcase classname="Testcase.MP_StaticTemplateFree2Publish" name="e_ClickOnPublish" time="0.001"/>
  <testcase classname="Testcase.MP_StaticTemplateFree2Publish" name="e_ClickOnbStyleAnwser" time="0.001"/>
</testsuite> <!-- Testcase.MP_StaticTemplateFree2Publish -->
