<?xml version="1.0" encoding="UTF-8"?>
<!-- Generated by org.testng.reporters.JUnitReportReporter -->
<testsuite hostname="DESKTOP-C34UQS0" failures="0" tests="9" name="Testcase.MP_MEduSignUp2ShareByEmail" time="105.234" errors="0" timestamp="21 Sep 2018 19:17:03 GMT" skipped="0">
  <testcase classname="Testcase.MP_MEduSignUp2ShareByEmail" name="verifyEventsGenerated" time="104.788"/>
  <testcase classname="Testcase.MP_MEduSignUp2ShareByEmail" name="e_OnbSurveyAnwser" time="0.003"/>
  <testcase classname="Testcase.MP_MEduSignUp2ShareByEmail" name="e_ClickOnbStyleAnwser_Mem" time="0.002"/>
  <testcase classname="Testcase.MP_MEduSignUp2ShareByEmail" name="e_FinishOnbSurvey" time="0.001"/>
  <testcase classname="Testcase.MP_MEduSignUp2ShareByEmail" name="e_ClickOnCreateFromTemplates" time="0.001"/>
  <testcase classname="Testcase.MP_MEduSignUp2ShareByEmail" name="e_FinishEditorTourGuide" time="0.002"/>
  <testcase classname="Testcase.MP_MEduSignUp2ShareByEmail" name="e_Share" time="0.001"/>
  <testcase classname="Testcase.MP_MEduSignUp2ShareByEmail" name="e_ClickCancelSubscription" time="0.001"/>
  <testcase classname="Testcase.MP_MEduSignUp2ShareByEmail" name="intercomEvents" time="0.435"/>
</testsuite> <!-- Testcase.MP_MEduSignUp2ShareByEmail -->
