<?xml version="1.0" encoding="UTF-8"?>
<!-- Generated by org.testng.reporters.JUnitReportReporter -->
<testsuite hostname="DESKTOP-C34UQS0" failures="0" tests="9" name="Testcase.RegisterToCreation" time="137.590" errors="0" timestamp="23 Aug 2018 23:03:23 GMT" skipped="8">
  <testcase classname="Testcase.RegisterToCreation" name="FreeSignUp2Publish" time="137.590"/>
  <testcase classname="Testcase.RegisterToCreation" name="MonthlyPreSignUp2PNGDownload">
    <skipped/>
  </testcase> <!-- MonthlyPreSignUp2PNGDownload -->
  <testcase classname="Testcase.RegisterToCreation" name="YearlyBuzSignUp2PDFDownload">
    <skipped/>
  </testcase> <!-- YearlyBuzSignUp2PDFDownload -->
  <testcase classname="Testcase.RegisterToCreation" name="QuarterlyBuzSignUp2PNGHDDownload">
    <skipped/>
  </testcase> <!-- QuarterlyBuzSignUp2PNGHDDownload -->
  <testcase classname="Testcase.RegisterToCreation" name="YearlyEduSignUp2ShareToTeam">
    <skipped/>
  </testcase> <!-- YearlyEduSignUp2ShareToTeam -->
  <testcase classname="Testcase.RegisterToCreation" name="MonthlyBuzSignUp2I_PDFDownload">
    <skipped/>
  </testcase> <!-- MonthlyBuzSignUp2I_PDFDownload -->
  <testcase classname="Testcase.RegisterToCreation" name="YearlyPreSignUp2ShareByLink">
    <skipped/>
  </testcase> <!-- YearlyPreSignUp2ShareByLink -->
  <testcase classname="Testcase.RegisterToCreation" name="MonthlyEduSignUp2ShareByEmail">
    <skipped/>
  </testcase> <!-- MonthlyEduSignUp2ShareByEmail -->
  <testcase classname="Testcase.RegisterToCreation" name="QuarterlyPre">
    <skipped/>
  </testcase> <!-- QuarterlyPre -->
</testsuite> <!-- Testcase.RegisterToCreation -->
