<?xml version="1.0" encoding="UTF-8"?>
<!-- Generated by org.testng.reporters.JUnitReportReporter -->
<testsuite hostname="DESKTOP-C34UQS0" failures="0" tests="1" name="Testcase.SingleTest" time="12.089" errors="0" timestamp="16 Nov 2018 18:22:10 GMT" skipped="0">
  <testcase classname="Testcase.SingleTest" name="test" time="12.089"/>
</testsuite> <!-- Testcase.SingleTest -->
