<?xml version="1.0" encoding="UTF-8"?>
<!-- Generated by org.testng.reporters.JUnitReportReporter -->
<testsuite hostname="DESKTOP-C34UQS0" failures="0" tests="1" name="Testcase.SingleTest" time="11.952" errors="0" timestamp="19 Nov 2018 15:46:37 GMT" skipped="0">
  <testcase classname="Testcase.SingleTest" name="test" time="11.952"/>
</testsuite> <!-- Testcase.SingleTest -->
